<?xml version="1.0" encoding="UTF-8"?>
<!-- Generated by org.testng.reporters.JUnitXMLReporter -->
<testsuite ignored="8" hostname="Atuls-MacBook-Air.local" failures="0" tests="1" name="Default test" time="0.59" errors="0" timestamp="2023-01-30T21:14:27 IST">
  <testcase classname="com.bridhelabz.db.test.DbAutomationTest" name="orderbyClause" time="0.059"/>
  <testcase classname="com.bridhelabz.db.test.DbAutomationTest" name="truncateTableIntoDB_successfully" time="0.0">
    <ignored/>
  </testcase> <!-- truncateTableIntoDB_successfully -->
  <testcase classname="com.bridhelabz.db.test.DbAutomationTest" name="deleteRowFromTable_successfully" time="0.0">
    <ignored/>
  </testcase> <!-- deleteRowFromTable_successfully -->
  <testcase classname="com.bridhelabz.db.test.DbAutomationTest" name="insertDataIntoTable_successfully" time="0.0">
    <ignored/>
  </testcase> <!-- insertDataIntoTable_successfully -->
  <testcase classname="com.bridhelabz.db.test.DbAutomationTest" name="getTableData_successfully" time="0.0">
    <ignored/>
  </testcase> <!-- getTableData_successfully -->
  <testcase classname="com.bridhelabz.db.test.DbAutomationTest" name="alterTableIntoDB_successfully" time="0.0">
    <ignored/>
  </testcase> <!-- alterTableIntoDB_successfully -->
  <testcase classname="com.bridhelabz.db.test.DbAutomationTest" name="dropTableFromDB_successfully" time="0.0">
    <ignored/>
  </testcase> <!-- dropTableFromDB_successfully -->
  <testcase classname="com.bridhelabz.db.test.DbAutomationTest" name="createTableIntoDB_successfully" time="0.0">
    <ignored/>
  </testcase> <!-- createTableIntoDB_successfully -->
  <testcase classname="com.bridhelabz.db.test.DbAutomationTest" name="updateDataIntoTable_successfully" time="0.0">
    <ignored/>
  </testcase> <!-- updateDataIntoTable_successfully -->
</testsuite> <!-- Default test -->
