<?xml version="1.0" encoding="UTF-8"?>
<testng-results ignored="8" total="9" passed="1" failed="0" skipped="0">
  <reporter-output>
  </reporter-output>
  <suite started-at="2023-01-30T21:14:22 IST" name="Default suite" finished-at="2023-01-30T21:14:22 IST" duration-ms="590">
    <groups>
    </groups>
    <test started-at="2023-01-30T21:14:22 IST" name="Default test" finished-at="2023-01-30T21:14:22 IST" duration-ms="590">
      <class name="com.bridhelabz.db.test.DbAutomationTest">
        <test-method is-config="true" signature="getVariable_values()[pri:0, instance:com.bridhelabz.db.test.DbAutomationTest@327b636c]" started-at="2023-01-30T21:14:22 IST" name="getVariable_values" finished-at="2023-01-30T21:14:22 IST" duration-ms="502" status="PASS">
          <reporter-output>
          </reporter-output>
        </test-method> <!-- getVariable_values -->
        <test-method signature="orderbyClause()[pri:0, instance:com.bridhelabz.db.test.DbAutomationTest@327b636c]" started-at="2023-01-30T21:14:22 IST" name="orderbyClause" finished-at="2023-01-30T21:14:22 IST" duration-ms="59" status="PASS">
          <reporter-output>
          </reporter-output>
        </test-method> <!-- orderbyClause -->
        <test-method is-config="true" signature="tearDown()[pri:0, instance:com.bridhelabz.db.test.DbAutomationTest@327b636c]" started-at="2023-01-30T21:14:22 IST" name="tearDown" finished-at="2023-01-30T21:14:22 IST" duration-ms="4" status="PASS">
          <reporter-output>
          </reporter-output>
        </test-method> <!-- tearDown -->
      </class> <!-- com.bridhelabz.db.test.DbAutomationTest -->
    </test> <!-- Default test -->
  </suite> <!-- Default suite -->
</testng-results>
